cl : Command line warning D9002: ignoring unknown option '/arch:SSE2'
cl : Command line warning D9002: ignoring unknown option '/arch:SSE2'
cl : Command line warning D9002: ignoring unknown option '/arch:SSE2'
  XenMapper.cpp
  app_dialog.cpp
cl : Command line warning D9002: ignoring unknown option '/arch:SSE2'
  app_main.cpp
e:\dev\wdl-ol\wdl\iplug\IPlugStructs.h(223): warning C4244: 'initializing': conversion from 'float' to 'int', possible loss of data (compiling source file XenMapper.cpp)
e:\dev\wdl-ol\wdl\iplug\IPlugStructs.h(225): warning C4244: 'argument': conversion from 'float' to 'int', possible loss of data (compiling source file XenMapper.cpp)
e:\dev\wdl-ol\wdl\iplug\IPlugStructs.h(231): warning C4244: 'initializing': conversion from 'float' to 'int', possible loss of data (compiling source file XenMapper.cpp)
e:\dev\wdl-ol\wdl\iplug\IPlugStructs.h(233): warning C4244: 'argument': conversion from 'float' to 'int', possible loss of data (compiling source file XenMapper.cpp)
e:\dev\wdl-ol\wdl\iplug\IPlugStructs.h(223): warning C4244: 'initializing': conversion from 'float' to 'int', possible loss of data (compiling source file app_wrapper\app_dialog.cpp)
e:\dev\wdl-ol\wdl\iplug\IPlugStructs.h(223): warning C4244: 'initializing': conversion from 'float' to 'int', possible loss of data (compiling source file app_wrapper\app_main.cpp)
e:\dev\wdl-ol\wdl\iplug\IPlugStructs.h(225): warning C4244: 'argument': conversion from 'float' to 'int', possible loss of data (compiling source file app_wrapper\app_dialog.cpp)
e:\dev\wdl-ol\wdl\iplug\IPlugStructs.h(225): warning C4244: 'argument': conversion from 'float' to 'int', possible loss of data (compiling source file app_wrapper\app_main.cpp)
e:\dev\wdl-ol\wdl\iplug\IPlugStructs.h(231): warning C4244: 'initializing': conversion from 'float' to 'int', possible loss of data (compiling source file app_wrapper\app_dialog.cpp)
e:\dev\wdl-ol\wdl\iplug\IPlugStructs.h(231): warning C4244: 'initializing': conversion from 'float' to 'int', possible loss of data (compiling source file app_wrapper\app_main.cpp)
e:\dev\wdl-ol\wdl\iplug\IPlugStructs.h(233): warning C4244: 'argument': conversion from 'float' to 'int', possible loss of data (compiling source file app_wrapper\app_dialog.cpp)
e:\dev\wdl-ol\wdl\iplug\IPlugStructs.h(233): warning C4244: 'argument': conversion from 'float' to 'int', possible loss of data (compiling source file app_wrapper\app_main.cpp)
XenMapper.cpp(227): warning C4244: '=': conversion from 'double' to 'int', possible loss of data
XenMapper.cpp(298): warning C4244: '=': conversion from 'double' to 'int', possible loss of data
XenMapper.cpp(317): warning C4244: '=': conversion from 'double' to 'int', possible loss of data
XenMapper.cpp(257): warning C4101: 'mapped_note': unreferenced local variable
XenMapper.cpp(333): warning C4101: 'mapped_note': unreferenced local variable
XenMapper.cpp(460): warning C4244: 'initializing': conversion from 'double' to 'int', possible loss of data
XenMapper.cpp(390): warning C4101: 'pitch_bend_temp': unreferenced local variable
XenMapper.cpp(513): warning C4244: '=': conversion from 'double' to 'int', possible loss of data
XenMapper.cpp(519): warning C4244: '=': conversion from 'double' to 'char', possible loss of data
  Generating code
  76 of 2414 functions ( 3.1%) were compiled, the rest were copied from previous compilation.
    0 functions were new in current compilation
    28 functions had inline decision re-evaluated but remain unchanged
  Finished generating code
  XenMapper-app.vcxproj -> E:\dev\wdl-ol\projects\XenMapper\build-win\app\x64\bin\XenMapper.exe
  XenMapper-app.vcxproj -> build-win\app\x64\bin\XenMapper.pdb (Full PDB)
