cl : Command line warning D9002: ignoring unknown option '/arch:SSE2'
  XenMapper.cpp
e:\dev\wdl-ol\wdl\iplug\IPlugStructs.h(223): warning C4244: 'initializing': conversion from 'float' to 'int', possible loss of data
e:\dev\wdl-ol\wdl\iplug\IPlugStructs.h(225): warning C4244: 'argument': conversion from 'float' to 'int', possible loss of data
e:\dev\wdl-ol\wdl\iplug\IPlugStructs.h(231): warning C4244: 'initializing': conversion from 'float' to 'int', possible loss of data
e:\dev\wdl-ol\wdl\iplug\IPlugStructs.h(233): warning C4244: 'argument': conversion from 'float' to 'int', possible loss of data
E:\dev\wdl-ol\WDL\IPlug\IPlug_include_in_plug_src.h(60): warning C4312: 'type cast': conversion from 'int' to 'audioMasterCallback' of greater size
E:\dev\wdl-ol\WDL\IPlug\IPlug_include_in_plug_src.h(60): warning C4311: 'type cast': pointer truncation from 'void *' to 'int'
E:\dev\wdl-ol\WDL\IPlug\IPlug_include_in_plug_src.h(60): warning C4302: 'type cast': truncation from 'void *' to 'int'
XenMapper.cpp(227): warning C4244: '=': conversion from 'double' to 'int', possible loss of data
XenMapper.cpp(298): warning C4244: '=': conversion from 'double' to 'int', possible loss of data
XenMapper.cpp(317): warning C4244: '=': conversion from 'double' to 'int', possible loss of data
XenMapper.cpp(257): warning C4101: 'mapped_note': unreferenced local variable
XenMapper.cpp(333): warning C4101: 'mapped_note': unreferenced local variable
XenMapper.cpp(468): warning C4244: 'initializing': conversion from 'double' to 'int', possible loss of data
XenMapper.cpp(398): warning C4101: 'pitch_bend_temp': unreferenced local variable
XenMapper.cpp(521): warning C4244: '=': conversion from 'double' to 'int', possible loss of data
XenMapper.cpp(527): warning C4244: '=': conversion from 'double' to 'char', possible loss of data
     Creating library build-win\vst2\x64\bin\XenMapper.lib and object build-win\vst2\x64\bin\XenMapper.exp
  Generating code
  85 of 1139 functions ( 7.5%) were compiled, the rest were copied from previous compilation.
    0 functions were new in current compilation
    27 functions had inline decision re-evaluated but remain unchanged
  Finished generating code
  XenMapper-vst2.vcxproj -> E:\dev\wdl-ol\projects\XenMapper\build-win\vst2\x64\bin\XenMapper.dll
  XenMapper-vst2.vcxproj -> build-win\vst2\x64\bin\XenMapper.pdb (Full PDB)
