e:\dev\wdl-ol\projects\xenmapper\build-win\vst2\x64\debug\vc141.pdb
e:\dev\wdl-ol\projects\xenmapper\build-win\vst2\x64\debug\vc141.idb
e:\dev\wdl-ol\projects\xenmapper\build-win\vst2\x64\debug\iplugvst.obj
e:\dev\wdl-ol\projects\xenmapper\build-win\vst2\x64\debug\xenmapper.obj
e:\dev\wdl-ol\projects\xenmapper\build-win\vst2\x64\debug\tinyfiledialogs.obj
e:\dev\wdl-ol\projects\xenmapper\build-win\vst2\x64\bin\xenmapper.ilk
e:\dev\wdl-ol\projects\xenmapper\build-win\vst2\x64\bin\xenmapper.dll
e:\dev\wdl-ol\projects\xenmapper\build-win\vst2\x64\bin\xenmapper.pdb
e:\dev\wdl-ol\projects\xenmapper\build-win\vst2\x64\debug\xenmapper.res
e:\dev\wdl-ol\projects\xenmapper\build-win\vst2\x64\bin\xenmapper.lib
e:\dev\wdl-ol\projects\xenmapper\build-win\vst2\x64\bin\xenmapper.exp
e:\dev\wdl-ol\projects\xenmapper\build-win\vst2\x64\debug\xenmapper-vst2.tlog\cl.command.1.tlog
e:\dev\wdl-ol\projects\xenmapper\build-win\vst2\x64\debug\xenmapper-vst2.tlog\cl.read.1.tlog
e:\dev\wdl-ol\projects\xenmapper\build-win\vst2\x64\debug\xenmapper-vst2.tlog\cl.write.1.tlog
e:\dev\wdl-ol\projects\xenmapper\build-win\vst2\x64\debug\xenmapper-vst2.tlog\link.command.1.tlog
e:\dev\wdl-ol\projects\xenmapper\build-win\vst2\x64\debug\xenmapper-vst2.tlog\link.read.1.tlog
e:\dev\wdl-ol\projects\xenmapper\build-win\vst2\x64\debug\xenmapper-vst2.tlog\link.write.1.tlog
e:\dev\wdl-ol\projects\xenmapper\build-win\vst2\x64\debug\xenmapper-vst2.tlog\rc.command.1.tlog
e:\dev\wdl-ol\projects\xenmapper\build-win\vst2\x64\debug\xenmapper-vst2.tlog\rc.read.1.tlog
e:\dev\wdl-ol\projects\xenmapper\build-win\vst2\x64\debug\xenmapper-vst2.tlog\rc.write.1.tlog
e:\dev\wdl-ol\projects\xenmapper\build-win\vst2\x64\debug\xenmapper-vst2.tlog\xenmapper-vst2.write.1u.tlog
